[2025-06-05 03:23:08] User: /start
[2025-06-05 03:23:08] Bot: Привет, vacek!
🎮 Я GameInfoBot - твой помощник в мире видеоигр!

Доступные команды:
/start - показать это сообщение
/game_info <название> - найти информацию об игре
/latest_news - последние игровые новости
/top_games - топ игр в Steam
/random_game - случайная популярная игра

[2025-06-05 03:23:27] User: /top_games
[2025-06-05 03:23:27] Bot: Success

[2025-06-05 03:23:54] User: /latest_news
[2025-06-05 03:23:54] Bot: Success

[2025-06-05 03:23:58] User: /top_games
[2025-06-05 03:23:58] Bot: Success

[2025-06-05 03:24:08] User: /random_game
[2025-06-05 03:24:08] Bot: Success

[2025-06-05 03:24:25] User: /random_game
[2025-06-05 03:24:25] Bot: Success

[2025-06-05 03:27:15] User: /start
[2025-06-05 03:27:15] Bot: Привет, vacek!
🎮 Я GameInfoBot - твой помощник в мире видеоигр!

Доступные команды:
/start - показать это сообщение
/game_info <название> - найти информацию об игре
/latest_news - последние игровые новости
/top_games - топ игр в Steam
/random_game - случайная популярная игра

[2025-06-05 03:27:19] User: /top_games
[2025-06-05 03:27:19] Bot: Success

[2025-06-05 03:27:52] User: /start
[2025-06-05 03:27:52] Bot: Привет, vacek!
🎮 Я GameInfoBot - твой помощник в мире видеоигр!

Доступные команды:
/start - показать это сообщение
/game_info <название> - найти информацию об игре
/latest_news - последние игровые новости
/top_games - топ игр в Steam
/random_game - случайная популярная игра

[2025-06-05 03:27:56] User: /top_games
[2025-06-05 03:27:56] Bot: Success

[2025-06-05 14:33:31] User: /start
[2025-06-05 14:33:31] Bot: Привет, vacek!
🎮 Я GameInfoBot - твой помощник в мире видеоигр!

Доступные команды:
/start - показать это сообщение
/game_info <название> - найти информацию об игре
/latest_news - последние игровые новости
/top_games - топ игр в Steam
/random_game - случайная популярная игра

[2025-06-05 14:33:33] User: /game_info without args
[2025-06-05 14:33:33] Bot: Пожалуйста, укажите название игры, например:
/game_info The Witcher 3

[2025-06-05 14:33:46] User: /game_info Dota 2
[2025-06-05 14:33:46] Bot: Success

[2025-06-05 14:33:51] User: /latest_news
[2025-06-05 14:33:51] Bot: Success

[2025-06-05 14:33:54] User: /top_games
[2025-06-05 14:33:54] Bot: Success

[2025-06-05 14:34:08] User: /random_game
[2025-06-05 14:34:08] Bot: Success

[2025-06-05 14:34:35] User: /random_game
[2025-06-05 14:34:35] Bot: Success

[2025-06-05 14:34:40] User: /random_game
[2025-06-05 14:34:40] Bot: Success

[2025-06-05 14:34:50] User: /random_game
[2025-06-05 14:34:50] Bot: Success

[2025-06-05 14:35:02] User: /random_game
[2025-06-05 14:35:02] Bot: Success

[2025-06-05 14:35:05] User: /random_game
[2025-06-05 14:35:05] Bot: Success

[2025-06-05 15:45:19] User: /start
[2025-06-05 15:45:19] Bot: Привет, vacek!
🎮 Я GameInfoBot - твой помощник в мире видеоигр!

Доступные команды:
/start - показать это сообщение
/game_info <название> - найти информацию об игре
/latest_news - последние игровые новости
/top_games - топ игр в Steam
/random_game - случайная популярная игра

[2025-06-05 15:45:23] User: /random_game
[2025-06-05 15:45:23] Bot: Success

[2025-06-05 15:45:57] User: /random_game
[2025-06-05 15:45:57] Bot: Success

[2025-06-05 15:46:09] User: /random_game
[2025-06-05 15:46:09] Bot: Success

